============================= test session starts =============================
platform win32 -- Python 3.14.0, pytest-9.0.2, pluggy-1.6.0
rootdir: C:\Users\ThrinathaReddy\PycharmProjects\VERTEX\varex_backend
plugins: anyio-4.12.1, asyncio-1.3.0
asyncio: mode=Mode.STRICT, debug=False, asyncio_default_fixture_loop_scope=None, asyncio_default_test_loop_scope=function
collected 7 items

tests\test_auth.py ....                                                  [ 57%]
tests\test_workshops.py ...                                              [100%]

============================== warnings summary ===============================
venv\Lib\site-packages\starlette\formparsers.py:12
  C:\Users\ThrinathaReddy\PycharmProjects\VERTEX\varex_backend\venv\Lib\site-packages\starlette\formparsers.py:12: PendingDeprecationWarning: Please use `import python_multipart` instead.
    import multipart

venv\Lib\site-packages\fastapi\routing.py:211: 127 warnings
  C:\Users\ThrinathaReddy\PycharmProjects\VERTEX\varex_backend\venv\Lib\site-packages\fastapi\routing.py:211: DeprecationWarning: 'asyncio.iscoroutinefunction' is deprecated and slated for removal in Python 3.16; use inspect.iscoroutinefunction() instead
    is_coroutine = asyncio.iscoroutinefunction(dependant.call)

app\services\llm_service.py:7
  C:\Users\ThrinathaReddy\PycharmProjects\VERTEX\varex_backend\app\services\llm_service.py:7: FutureWarning: 
  
  All support for the `google.generativeai` package has ended. It will no longer be receiving 
  updates or bug fixes. Please switch to the `google.genai` package as soon as possible.
  See README for more details:
  
  https://github.com/google-gemini/deprecated-generative-ai-python/blob/main/README.md
  
    import google.generativeai as genai

tests/test_auth.py: 11 warnings
tests/test_workshops.py: 4 warnings
  C:\Users\ThrinathaReddy\PycharmProjects\VERTEX\varex_backend\venv\Lib\site-packages\starlette\_utils.py:42: DeprecationWarning: 'asyncio.iscoroutinefunction' is deprecated and slated for removal in Python 3.16; use inspect.iscoroutinefunction() instead
    return asyncio.iscoroutinefunction(obj) or (

tests/test_auth.py::test_register_and_login
tests/test_auth.py::test_get_me_with_token
  C:\Users\ThrinathaReddy\PycharmProjects\VERTEX\varex_backend\app\core\security.py:22: DeprecationWarning: datetime.datetime.utcnow() is deprecated and scheduled for removal in a future version. Use timezone-aware objects to represent datetimes in UTC: datetime.datetime.now(datetime.UTC).
    expire = datetime.utcnow() + (expires_delta or timedelta(minutes=settings.ACCESS_TOKEN_EXPIRE_MINUTES))

tests/test_auth.py::test_register_and_login
tests/test_auth.py::test_get_me_with_token
  C:\Users\ThrinathaReddy\PycharmProjects\VERTEX\varex_backend\app\core\security.py:26: DeprecationWarning: datetime.datetime.utcnow() is deprecated and scheduled for removal in a future version. Use timezone-aware objects to represent datetimes in UTC: datetime.datetime.now(datetime.UTC).
    "iat":  datetime.utcnow(),

tests/test_auth.py::test_register_and_login
tests/test_auth.py::test_get_me_with_token
  C:\Users\ThrinathaReddy\PycharmProjects\VERTEX\varex_backend\app\core\security.py:34: DeprecationWarning: datetime.datetime.utcnow() is deprecated and scheduled for removal in a future version. Use timezone-aware objects to represent datetimes in UTC: datetime.datetime.now(datetime.UTC).
    expire  = datetime.utcnow() + timedelta(days=settings.REFRESH_TOKEN_EXPIRE_DAYS)

tests/test_auth.py::test_register_and_login
tests/test_auth.py::test_get_me_with_token
  C:\Users\ThrinathaReddy\PycharmProjects\VERTEX\varex_backend\app\core\security.py:38: DeprecationWarning: datetime.datetime.utcnow() is deprecated and scheduled for removal in a future version. Use timezone-aware objects to represent datetimes in UTC: datetime.datetime.now(datetime.UTC).
    "iat":  datetime.utcnow(),

-- Docs: https://docs.pytest.org/en/stable/how-to/capture-warnings.html
======================= 7 passed, 152 warnings in 5.69s =======================
